<?xml version="1.0" encoding="UTF-8"?>
<!-- Generated by org.testng.reporters.JUnitReportReporter -->
<testsuite hostname="DESKTOP-7AF4QGB" failures="0" tests="2" name="UI.LoginTest" time="0.024" errors="0" timestamp="2025-06-21T18:30:03 CST" skipped="0">
  <testcase classname="UI.LoginTest" name="loginTest" time="0.015"/>
  <testcase classname="UI.LoginTest" name="logoutTest" time="0.009"/>
</testsuite> <!-- UI.LoginTest -->
