<?xml version="1.0" encoding="UTF-8"?>
<!-- Generated by org.testng.reporters.JUnitReportReporter -->
<testsuite hostname="DESKTOP-7AF4QGB" failures="0" tests="1" name="UI.VerifyTitleTest" time="8.784" errors="0" timestamp="2025-06-21T22:52:14 CST" skipped="0">
  <testcase classname="UI.VerifyTitleTest" name="titleTest" time="8.784"/>
</testsuite> <!-- UI.VerifyTitleTest -->
